Reading netlist file: "/home/alberto/PT8211/impl/gwsynthesis/pt8211.vg"
Parsing netlist file "/home/alberto/PT8211/impl/gwsynthesis/pt8211.vg" completed
Processing netlist completed
Reading constraint file: "/home/alberto/PT8211/src/pinmap.cst"
Physical Constraint parsed completed
Running placement......
[10%] Placement Phase 0 completed
[20%] Placement Phase 1 completed
[30%] Placement Phase 2 completed
WARN  (TA1132) :  'clk_div4/clkdiv_inst/CLKOUT.default_gen_clk' was determined to be a clock but was not created.
[50%] Placement Phase 3 completed
Running routing......
[60%] Routing Phase 0 completed
[70%] Routing Phase 1 completed
[80%] Routing Phase 2 completed
[90%] Routing Phase 3 completed
Running timing analysis......
[95%] Timing analysis completed
Placement and routing completed
Bitstream generation in progress......
Bitstream generation completed
Running power analysis......
[100%] Power analysis completed
Generate file "/home/alberto/PT8211/impl/pnr/pt8211.power.html" completed
Generate file "/home/alberto/PT8211/impl/pnr/pt8211.pin.html" completed
Generate file "/home/alberto/PT8211/impl/pnr/pt8211.rpt.html" completed
Generate file "/home/alberto/PT8211/impl/pnr/pt8211.rpt.txt" completed
Generate file "/home/alberto/PT8211/impl/pnr/pt8211.tr.html" completed
Mon Jun 23 11:55:09 2025

